CRITICAL - 2023-04-13 07:47:31 --> Class "Modules\wema\Controllers\Persona" not found
#0 C:\xamppV8.0.28\htdocs\wema-desa-app\system\CodeIgniter.php(802): App\Controllers\Dashboard->index()
#1 C:\xamppV8.0.28\htdocs\wema-desa-app\system\CodeIgniter.php(399): CodeIgniter\CodeIgniter->runController(Object(App\Controllers\Dashboard))
#2 C:\xamppV8.0.28\htdocs\wema-desa-app\system\CodeIgniter.php(317): CodeIgniter\CodeIgniter->handleRequest(NULL, Object(Config\Cache), false)
#3 C:\xamppV8.0.28\htdocs\wema-desa-app\index.php(37): CodeIgniter\CodeIgniter->run()
#4 {main}
CRITICAL - 2023-04-13 07:48:45 --> Class "Modules\wema\Controllers\Persona" not found
#0 C:\xamppV8.0.28\htdocs\wema-desa-app\system\CodeIgniter.php(802): App\Controllers\Dashboard->index()
#1 C:\xamppV8.0.28\htdocs\wema-desa-app\system\CodeIgniter.php(399): CodeIgniter\CodeIgniter->runController(Object(App\Controllers\Dashboard))
#2 C:\xamppV8.0.28\htdocs\wema-desa-app\system\CodeIgniter.php(317): CodeIgniter\CodeIgniter->handleRequest(NULL, Object(Config\Cache), false)
#3 C:\xamppV8.0.28\htdocs\wema-desa-app\index.php(37): CodeIgniter\CodeIgniter->run()
#4 {main}
CRITICAL - 2023-04-13 07:48:48 --> Class "Modules\wema\Controllers\Persona" not found
#0 C:\xamppV8.0.28\htdocs\wema-desa-app\system\CodeIgniter.php(802): App\Controllers\Dashboard->index()
#1 C:\xamppV8.0.28\htdocs\wema-desa-app\system\CodeIgniter.php(399): CodeIgniter\CodeIgniter->runController(Object(App\Controllers\Dashboard))
#2 C:\xamppV8.0.28\htdocs\wema-desa-app\system\CodeIgniter.php(317): CodeIgniter\CodeIgniter->handleRequest(NULL, Object(Config\Cache), false)
#3 C:\xamppV8.0.28\htdocs\wema-desa-app\index.php(37): CodeIgniter\CodeIgniter->run()
#4 {main}
CRITICAL - 2023-04-13 07:48:49 --> Class "Modules\wema\Controllers\Persona" not found
#0 C:\xamppV8.0.28\htdocs\wema-desa-app\system\CodeIgniter.php(802): App\Controllers\Dashboard->index()
#1 C:\xamppV8.0.28\htdocs\wema-desa-app\system\CodeIgniter.php(399): CodeIgniter\CodeIgniter->runController(Object(App\Controllers\Dashboard))
#2 C:\xamppV8.0.28\htdocs\wema-desa-app\system\CodeIgniter.php(317): CodeIgniter\CodeIgniter->handleRequest(NULL, Object(Config\Cache), false)
#3 C:\xamppV8.0.28\htdocs\wema-desa-app\index.php(37): CodeIgniter\CodeIgniter->run()
#4 {main}
CRITICAL - 2023-04-13 07:51:51 --> Class "Modules\wema\Controllers\Persona" not found
#0 C:\xamppV8.0.28\htdocs\wema-desa-app\system\CodeIgniter.php(802): App\Controllers\Dashboard->index()
#1 C:\xamppV8.0.28\htdocs\wema-desa-app\system\CodeIgniter.php(399): CodeIgniter\CodeIgniter->runController(Object(App\Controllers\Dashboard))
#2 C:\xamppV8.0.28\htdocs\wema-desa-app\system\CodeIgniter.php(317): CodeIgniter\CodeIgniter->handleRequest(NULL, Object(Config\Cache), false)
#3 C:\xamppV8.0.28\htdocs\wema-desa-app\index.php(37): CodeIgniter\CodeIgniter->run()
#4 {main}
CRITICAL - 2023-04-13 07:52:40 --> Class "Modules\wema\Controllers\Persona" not found
#0 C:\xamppV8.0.28\htdocs\wema-desa-app\system\CodeIgniter.php(802): App\Controllers\Dashboard->index()
#1 C:\xamppV8.0.28\htdocs\wema-desa-app\system\CodeIgniter.php(399): CodeIgniter\CodeIgniter->runController(Object(App\Controllers\Dashboard))
#2 C:\xamppV8.0.28\htdocs\wema-desa-app\system\CodeIgniter.php(317): CodeIgniter\CodeIgniter->handleRequest(NULL, Object(Config\Cache), false)
#3 C:\xamppV8.0.28\htdocs\wema-desa-app\index.php(37): CodeIgniter\CodeIgniter->run()
#4 {main}
CRITICAL - 2023-04-13 07:53:09 --> Class "Modules\wema\Controllers\Persona" not found
#0 C:\xamppV8.0.28\htdocs\wema-desa-app\system\CodeIgniter.php(802): App\Controllers\Dashboard->index()
#1 C:\xamppV8.0.28\htdocs\wema-desa-app\system\CodeIgniter.php(399): CodeIgniter\CodeIgniter->runController(Object(App\Controllers\Dashboard))
#2 C:\xamppV8.0.28\htdocs\wema-desa-app\system\CodeIgniter.php(317): CodeIgniter\CodeIgniter->handleRequest(NULL, Object(Config\Cache), false)
#3 C:\xamppV8.0.28\htdocs\wema-desa-app\index.php(37): CodeIgniter\CodeIgniter->run()
#4 {main}
CRITICAL - 2023-04-13 07:53:10 --> Class "Modules\wema\Controllers\Persona" not found
#0 C:\xamppV8.0.28\htdocs\wema-desa-app\system\CodeIgniter.php(802): App\Controllers\Dashboard->index()
#1 C:\xamppV8.0.28\htdocs\wema-desa-app\system\CodeIgniter.php(399): CodeIgniter\CodeIgniter->runController(Object(App\Controllers\Dashboard))
#2 C:\xamppV8.0.28\htdocs\wema-desa-app\system\CodeIgniter.php(317): CodeIgniter\CodeIgniter->handleRequest(NULL, Object(Config\Cache), false)
#3 C:\xamppV8.0.28\htdocs\wema-desa-app\index.php(37): CodeIgniter\CodeIgniter->run()
#4 {main}
CRITICAL - 2023-04-13 07:53:10 --> Class "Modules\wema\Controllers\Persona" not found
#0 C:\xamppV8.0.28\htdocs\wema-desa-app\system\CodeIgniter.php(802): App\Controllers\Dashboard->index()
#1 C:\xamppV8.0.28\htdocs\wema-desa-app\system\CodeIgniter.php(399): CodeIgniter\CodeIgniter->runController(Object(App\Controllers\Dashboard))
#2 C:\xamppV8.0.28\htdocs\wema-desa-app\system\CodeIgniter.php(317): CodeIgniter\CodeIgniter->handleRequest(NULL, Object(Config\Cache), false)
#3 C:\xamppV8.0.28\htdocs\wema-desa-app\index.php(37): CodeIgniter\CodeIgniter->run()
#4 {main}
CRITICAL - 2023-04-13 07:53:53 --> Class "Modules\wema\Controllers\Persona" not found
#0 C:\xamppV8.0.28\htdocs\wema-desa-app\system\CodeIgniter.php(802): App\Controllers\Dashboard->index()
#1 C:\xamppV8.0.28\htdocs\wema-desa-app\system\CodeIgniter.php(399): CodeIgniter\CodeIgniter->runController(Object(App\Controllers\Dashboard))
#2 C:\xamppV8.0.28\htdocs\wema-desa-app\system\CodeIgniter.php(317): CodeIgniter\CodeIgniter->handleRequest(NULL, Object(Config\Cache), false)
#3 C:\xamppV8.0.28\htdocs\wema-desa-app\index.php(37): CodeIgniter\CodeIgniter->run()
#4 {main}
CRITICAL - 2023-04-13 08:00:41 --> Class "App\Modules\wema\Controllers\Persona" not found
#0 C:\xamppV8.0.28\htdocs\wema-desa-app\system\CodeIgniter.php(802): App\Controllers\Dashboard->index()
#1 C:\xamppV8.0.28\htdocs\wema-desa-app\system\CodeIgniter.php(399): CodeIgniter\CodeIgniter->runController(Object(App\Controllers\Dashboard))
#2 C:\xamppV8.0.28\htdocs\wema-desa-app\system\CodeIgniter.php(317): CodeIgniter\CodeIgniter->handleRequest(NULL, Object(Config\Cache), false)
#3 C:\xamppV8.0.28\htdocs\wema-desa-app\index.php(37): CodeIgniter\CodeIgniter->run()
#4 {main}
CRITICAL - 2023-04-13 08:03:51 --> Class "App\Modules\wema\Controllers\Persona" not found
#0 C:\xamppV8.0.28\htdocs\wema-desa-app\system\CodeIgniter.php(779): App\Controllers\Dashboard->__construct()
#1 C:\xamppV8.0.28\htdocs\wema-desa-app\system\CodeIgniter.php(390): CodeIgniter\CodeIgniter->createController()
#2 C:\xamppV8.0.28\htdocs\wema-desa-app\system\CodeIgniter.php(317): CodeIgniter\CodeIgniter->handleRequest(NULL, Object(Config\Cache), false)
#3 C:\xamppV8.0.28\htdocs\wema-desa-app\index.php(37): CodeIgniter\CodeIgniter->run()
#4 {main}
CRITICAL - 2023-04-13 08:03:52 --> Class "App\Modules\wema\Controllers\Persona" not found
#0 C:\xamppV8.0.28\htdocs\wema-desa-app\system\CodeIgniter.php(779): App\Controllers\Dashboard->__construct()
#1 C:\xamppV8.0.28\htdocs\wema-desa-app\system\CodeIgniter.php(390): CodeIgniter\CodeIgniter->createController()
#2 C:\xamppV8.0.28\htdocs\wema-desa-app\system\CodeIgniter.php(317): CodeIgniter\CodeIgniter->handleRequest(NULL, Object(Config\Cache), false)
#3 C:\xamppV8.0.28\htdocs\wema-desa-app\index.php(37): CodeIgniter\CodeIgniter->run()
#4 {main}
CRITICAL - 2023-04-13 08:04:07 --> Call to undefined method App\Controllers\Dashboard::template()
#0 C:\xamppV8.0.28\htdocs\wema-desa-app\system\CodeIgniter.php(802): App\Controllers\Dashboard->index()
#1 C:\xamppV8.0.28\htdocs\wema-desa-app\system\CodeIgniter.php(399): CodeIgniter\CodeIgniter->runController(Object(App\Controllers\Dashboard))
#2 C:\xamppV8.0.28\htdocs\wema-desa-app\system\CodeIgniter.php(317): CodeIgniter\CodeIgniter->handleRequest(NULL, Object(Config\Cache), false)
#3 C:\xamppV8.0.28\htdocs\wema-desa-app\index.php(37): CodeIgniter\CodeIgniter->run()
#4 {main}
CRITICAL - 2023-04-13 08:04:08 --> Call to undefined method App\Controllers\Dashboard::template()
#0 C:\xamppV8.0.28\htdocs\wema-desa-app\system\CodeIgniter.php(802): App\Controllers\Dashboard->index()
#1 C:\xamppV8.0.28\htdocs\wema-desa-app\system\CodeIgniter.php(399): CodeIgniter\CodeIgniter->runController(Object(App\Controllers\Dashboard))
#2 C:\xamppV8.0.28\htdocs\wema-desa-app\system\CodeIgniter.php(317): CodeIgniter\CodeIgniter->handleRequest(NULL, Object(Config\Cache), false)
#3 C:\xamppV8.0.28\htdocs\wema-desa-app\index.php(37): CodeIgniter\CodeIgniter->run()
#4 {main}
CRITICAL - 2023-04-13 08:04:09 --> Call to undefined method App\Controllers\Dashboard::template()
#0 C:\xamppV8.0.28\htdocs\wema-desa-app\system\CodeIgniter.php(802): App\Controllers\Dashboard->index()
#1 C:\xamppV8.0.28\htdocs\wema-desa-app\system\CodeIgniter.php(399): CodeIgniter\CodeIgniter->runController(Object(App\Controllers\Dashboard))
#2 C:\xamppV8.0.28\htdocs\wema-desa-app\system\CodeIgniter.php(317): CodeIgniter\CodeIgniter->handleRequest(NULL, Object(Config\Cache), false)
#3 C:\xamppV8.0.28\htdocs\wema-desa-app\index.php(37): CodeIgniter\CodeIgniter->run()
#4 {main}
CRITICAL - 2023-04-13 08:04:19 --> Call to undefined method App\Controllers\Dashboard::view()
#0 C:\xamppV8.0.28\htdocs\wema-desa-app\system\CodeIgniter.php(802): App\Controllers\Dashboard->index()
#1 C:\xamppV8.0.28\htdocs\wema-desa-app\system\CodeIgniter.php(399): CodeIgniter\CodeIgniter->runController(Object(App\Controllers\Dashboard))
#2 C:\xamppV8.0.28\htdocs\wema-desa-app\system\CodeIgniter.php(317): CodeIgniter\CodeIgniter->handleRequest(NULL, Object(Config\Cache), false)
#3 C:\xamppV8.0.28\htdocs\wema-desa-app\index.php(37): CodeIgniter\CodeIgniter->run()
#4 {main}
CRITICAL - 2023-04-13 08:04:20 --> Call to undefined method App\Controllers\Dashboard::view()
#0 C:\xamppV8.0.28\htdocs\wema-desa-app\system\CodeIgniter.php(802): App\Controllers\Dashboard->index()
#1 C:\xamppV8.0.28\htdocs\wema-desa-app\system\CodeIgniter.php(399): CodeIgniter\CodeIgniter->runController(Object(App\Controllers\Dashboard))
#2 C:\xamppV8.0.28\htdocs\wema-desa-app\system\CodeIgniter.php(317): CodeIgniter\CodeIgniter->handleRequest(NULL, Object(Config\Cache), false)
#3 C:\xamppV8.0.28\htdocs\wema-desa-app\index.php(37): CodeIgniter\CodeIgniter->run()
#4 {main}
CRITICAL - 2023-04-13 08:04:27 --> Invalid file: wema/Views/index.php
#0 C:\xamppV8.0.28\htdocs\wema-desa-app\system\View\View.php(198): CodeIgniter\Exceptions\FrameworkException::forInvalidFile('wema/Views/inde...')
#1 C:\xamppV8.0.28\htdocs\wema-desa-app\system\Common.php(1092): CodeIgniter\View\View->render('wema/Views/inde...', Array, true)
#2 C:\xamppV8.0.28\htdocs\wema-desa-app\app\Controllers\Dashboard.php(23): view('wema/Views/inde...')
#3 C:\xamppV8.0.28\htdocs\wema-desa-app\system\CodeIgniter.php(802): App\Controllers\Dashboard->index()
#4 C:\xamppV8.0.28\htdocs\wema-desa-app\system\CodeIgniter.php(399): CodeIgniter\CodeIgniter->runController(Object(App\Controllers\Dashboard))
#5 C:\xamppV8.0.28\htdocs\wema-desa-app\system\CodeIgniter.php(317): CodeIgniter\CodeIgniter->handleRequest(NULL, Object(Config\Cache), false)
#6 C:\xamppV8.0.28\htdocs\wema-desa-app\index.php(37): CodeIgniter\CodeIgniter->run()
#7 {main}
CRITICAL - 2023-04-13 08:04:29 --> Invalid file: wema/Views/index.php
#0 C:\xamppV8.0.28\htdocs\wema-desa-app\system\View\View.php(198): CodeIgniter\Exceptions\FrameworkException::forInvalidFile('wema/Views/inde...')
#1 C:\xamppV8.0.28\htdocs\wema-desa-app\system\Common.php(1092): CodeIgniter\View\View->render('wema/Views/inde...', Array, true)
#2 C:\xamppV8.0.28\htdocs\wema-desa-app\app\Controllers\Dashboard.php(23): view('wema/Views/inde...')
#3 C:\xamppV8.0.28\htdocs\wema-desa-app\system\CodeIgniter.php(802): App\Controllers\Dashboard->index()
#4 C:\xamppV8.0.28\htdocs\wema-desa-app\system\CodeIgniter.php(399): CodeIgniter\CodeIgniter->runController(Object(App\Controllers\Dashboard))
#5 C:\xamppV8.0.28\htdocs\wema-desa-app\system\CodeIgniter.php(317): CodeIgniter\CodeIgniter->handleRequest(NULL, Object(Config\Cache), false)
#6 C:\xamppV8.0.28\htdocs\wema-desa-app\index.php(37): CodeIgniter\CodeIgniter->run()
#7 {main}
CRITICAL - 2023-04-13 08:04:30 --> Invalid file: wema/Views/index.php
#0 C:\xamppV8.0.28\htdocs\wema-desa-app\system\View\View.php(198): CodeIgniter\Exceptions\FrameworkException::forInvalidFile('wema/Views/inde...')
#1 C:\xamppV8.0.28\htdocs\wema-desa-app\system\Common.php(1092): CodeIgniter\View\View->render('wema/Views/inde...', Array, true)
#2 C:\xamppV8.0.28\htdocs\wema-desa-app\app\Controllers\Dashboard.php(23): view('wema/Views/inde...')
#3 C:\xamppV8.0.28\htdocs\wema-desa-app\system\CodeIgniter.php(802): App\Controllers\Dashboard->index()
#4 C:\xamppV8.0.28\htdocs\wema-desa-app\system\CodeIgniter.php(399): CodeIgniter\CodeIgniter->runController(Object(App\Controllers\Dashboard))
#5 C:\xamppV8.0.28\htdocs\wema-desa-app\system\CodeIgniter.php(317): CodeIgniter\CodeIgniter->handleRequest(NULL, Object(Config\Cache), false)
#6 C:\xamppV8.0.28\htdocs\wema-desa-app\index.php(37): CodeIgniter\CodeIgniter->run()
#7 {main}
CRITICAL - 2023-04-13 08:12:45 --> Invalid file: persona/index.php
#0 C:\xamppV8.0.28\htdocs\wema-desa-app\system\View\View.php(198): CodeIgniter\Exceptions\FrameworkException::forInvalidFile('persona/index.p...')
#1 C:\xamppV8.0.28\htdocs\wema-desa-app\system\Common.php(1092): CodeIgniter\View\View->render('persona/index', Array, true)
#2 C:\xamppV8.0.28\htdocs\wema-desa-app\app\Modules\wema\Controllers\Persona.php(10): view('persona/index')
#3 C:\xamppV8.0.28\htdocs\wema-desa-app\system\CodeIgniter.php(802): Modules\wema\Controllers\Persona->index()
#4 C:\xamppV8.0.28\htdocs\wema-desa-app\system\CodeIgniter.php(399): CodeIgniter\CodeIgniter->runController(Object(Modules\wema\Controllers\Persona))
#5 C:\xamppV8.0.28\htdocs\wema-desa-app\system\CodeIgniter.php(317): CodeIgniter\CodeIgniter->handleRequest(NULL, Object(Config\Cache), false)
#6 C:\xamppV8.0.28\htdocs\wema-desa-app\index.php(37): CodeIgniter\CodeIgniter->run()
#7 {main}
CRITICAL - 2023-04-13 08:13:05 --> Invalid file: persona/index.php
#0 C:\xamppV8.0.28\htdocs\wema-desa-app\system\View\View.php(198): CodeIgniter\Exceptions\FrameworkException::forInvalidFile('persona/index.p...')
#1 C:\xamppV8.0.28\htdocs\wema-desa-app\system\Common.php(1092): CodeIgniter\View\View->render('persona/index', Array, true)
#2 C:\xamppV8.0.28\htdocs\wema-desa-app\app\Modules\wema\Controllers\Persona.php(10): view('persona/index')
#3 C:\xamppV8.0.28\htdocs\wema-desa-app\system\CodeIgniter.php(802): Modules\wema\Controllers\Persona->index()
#4 C:\xamppV8.0.28\htdocs\wema-desa-app\system\CodeIgniter.php(399): CodeIgniter\CodeIgniter->runController(Object(Modules\wema\Controllers\Persona))
#5 C:\xamppV8.0.28\htdocs\wema-desa-app\system\CodeIgniter.php(317): CodeIgniter\CodeIgniter->handleRequest(NULL, Object(Config\Cache), false)
#6 C:\xamppV8.0.28\htdocs\wema-desa-app\index.php(37): CodeIgniter\CodeIgniter->run()
#7 {main}
CRITICAL - 2023-04-13 08:13:55 --> Invalid file: persona/index.php
#0 C:\xamppV8.0.28\htdocs\wema-desa-app\system\View\View.php(198): CodeIgniter\Exceptions\FrameworkException::forInvalidFile('persona/index.p...')
#1 C:\xamppV8.0.28\htdocs\wema-desa-app\system\Common.php(1092): CodeIgniter\View\View->render('persona/index', Array, true)
#2 C:\xamppV8.0.28\htdocs\wema-desa-app\app\Modules\wema\Controllers\Persona.php(10): view('persona/index')
#3 C:\xamppV8.0.28\htdocs\wema-desa-app\system\CodeIgniter.php(802): Modules\wema\Controllers\Persona->index()
#4 C:\xamppV8.0.28\htdocs\wema-desa-app\system\CodeIgniter.php(399): CodeIgniter\CodeIgniter->runController(Object(Modules\wema\Controllers\Persona))
#5 C:\xamppV8.0.28\htdocs\wema-desa-app\system\CodeIgniter.php(317): CodeIgniter\CodeIgniter->handleRequest(NULL, Object(Config\Cache), false)
#6 C:\xamppV8.0.28\htdocs\wema-desa-app\index.php(37): CodeIgniter\CodeIgniter->run()
#7 {main}
CRITICAL - 2023-04-13 08:14:01 --> Invalid file: persona/index.php
#0 C:\xamppV8.0.28\htdocs\wema-desa-app\system\View\View.php(198): CodeIgniter\Exceptions\FrameworkException::forInvalidFile('persona/index.p...')
#1 C:\xamppV8.0.28\htdocs\wema-desa-app\system\Common.php(1092): CodeIgniter\View\View->render('persona/index', Array, true)
#2 C:\xamppV8.0.28\htdocs\wema-desa-app\app\Modules\wema\Controllers\Persona.php(10): view('persona/index')
#3 C:\xamppV8.0.28\htdocs\wema-desa-app\system\CodeIgniter.php(802): Modules\wema\Controllers\Persona->index()
#4 C:\xamppV8.0.28\htdocs\wema-desa-app\system\CodeIgniter.php(399): CodeIgniter\CodeIgniter->runController(Object(Modules\wema\Controllers\Persona))
#5 C:\xamppV8.0.28\htdocs\wema-desa-app\system\CodeIgniter.php(317): CodeIgniter\CodeIgniter->handleRequest(NULL, Object(Config\Cache), false)
#6 C:\xamppV8.0.28\htdocs\wema-desa-app\index.php(37): CodeIgniter\CodeIgniter->run()
#7 {main}
CRITICAL - 2023-04-13 08:14:40 --> Invalid file: persona/index.php
#0 C:\xamppV8.0.28\htdocs\wema-desa-app\system\View\View.php(198): CodeIgniter\Exceptions\FrameworkException::forInvalidFile('persona/index.p...')
#1 C:\xamppV8.0.28\htdocs\wema-desa-app\system\Common.php(1092): CodeIgniter\View\View->render('persona/index', Array, true)
#2 C:\xamppV8.0.28\htdocs\wema-desa-app\app\Modules\wema\Controllers\Persona.php(10): view('persona/index')
#3 C:\xamppV8.0.28\htdocs\wema-desa-app\system\CodeIgniter.php(802): Modules\wema\Controllers\Persona->index()
#4 C:\xamppV8.0.28\htdocs\wema-desa-app\system\CodeIgniter.php(399): CodeIgniter\CodeIgniter->runController(Object(Modules\wema\Controllers\Persona))
#5 C:\xamppV8.0.28\htdocs\wema-desa-app\system\CodeIgniter.php(317): CodeIgniter\CodeIgniter->handleRequest(NULL, Object(Config\Cache), false)
#6 C:\xamppV8.0.28\htdocs\wema-desa-app\index.php(37): CodeIgniter\CodeIgniter->run()
#7 {main}
CRITICAL - 2023-04-13 08:15:30 --> Invalid file: persona/index.php
#0 C:\xamppV8.0.28\htdocs\wema-desa-app\system\View\View.php(198): CodeIgniter\Exceptions\FrameworkException::forInvalidFile('persona/index.p...')
#1 C:\xamppV8.0.28\htdocs\wema-desa-app\system\Common.php(1092): CodeIgniter\View\View->render('persona/index', Array, true)
#2 C:\xamppV8.0.28\htdocs\wema-desa-app\app\Modules\wema\Controllers\Persona.php(10): view('persona/index')
#3 C:\xamppV8.0.28\htdocs\wema-desa-app\system\CodeIgniter.php(802): Modules\wema\Controllers\Persona->index()
#4 C:\xamppV8.0.28\htdocs\wema-desa-app\system\CodeIgniter.php(399): CodeIgniter\CodeIgniter->runController(Object(Modules\wema\Controllers\Persona))
#5 C:\xamppV8.0.28\htdocs\wema-desa-app\system\CodeIgniter.php(317): CodeIgniter\CodeIgniter->handleRequest(NULL, Object(Config\Cache), false)
#6 C:\xamppV8.0.28\htdocs\wema-desa-app\index.php(37): CodeIgniter\CodeIgniter->run()
#7 {main}
CRITICAL - 2023-04-13 08:15:31 --> Invalid file: persona/index.php
#0 C:\xamppV8.0.28\htdocs\wema-desa-app\system\View\View.php(198): CodeIgniter\Exceptions\FrameworkException::forInvalidFile('persona/index.p...')
#1 C:\xamppV8.0.28\htdocs\wema-desa-app\system\Common.php(1092): CodeIgniter\View\View->render('persona/index', Array, true)
#2 C:\xamppV8.0.28\htdocs\wema-desa-app\app\Modules\wema\Controllers\Persona.php(10): view('persona/index')
#3 C:\xamppV8.0.28\htdocs\wema-desa-app\system\CodeIgniter.php(802): Modules\wema\Controllers\Persona->index()
#4 C:\xamppV8.0.28\htdocs\wema-desa-app\system\CodeIgniter.php(399): CodeIgniter\CodeIgniter->runController(Object(Modules\wema\Controllers\Persona))
#5 C:\xamppV8.0.28\htdocs\wema-desa-app\system\CodeIgniter.php(317): CodeIgniter\CodeIgniter->handleRequest(NULL, Object(Config\Cache), false)
#6 C:\xamppV8.0.28\htdocs\wema-desa-app\index.php(37): CodeIgniter\CodeIgniter->run()
#7 {main}
CRITICAL - 2023-04-13 08:17:06 --> Invalid file: persona/index.php
#0 C:\xamppV8.0.28\htdocs\wema-desa-app\system\View\View.php(198): CodeIgniter\Exceptions\FrameworkException::forInvalidFile('persona/index.p...')
#1 C:\xamppV8.0.28\htdocs\wema-desa-app\system\Common.php(1092): CodeIgniter\View\View->render('persona/index', Array, true)
#2 C:\xamppV8.0.28\htdocs\wema-desa-app\app\Modules\wema\Controllers\Persona.php(10): view('persona/index')
#3 C:\xamppV8.0.28\htdocs\wema-desa-app\system\CodeIgniter.php(802): Modules\wema\Controllers\Persona->index()
#4 C:\xamppV8.0.28\htdocs\wema-desa-app\system\CodeIgniter.php(399): CodeIgniter\CodeIgniter->runController(Object(Modules\wema\Controllers\Persona))
#5 C:\xamppV8.0.28\htdocs\wema-desa-app\system\CodeIgniter.php(317): CodeIgniter\CodeIgniter->handleRequest(NULL, Object(Config\Cache), false)
#6 C:\xamppV8.0.28\htdocs\wema-desa-app\index.php(37): CodeIgniter\CodeIgniter->run()
#7 {main}
CRITICAL - 2023-04-13 08:17:41 --> Invalid file: persona/index.php
#0 C:\xamppV8.0.28\htdocs\wema-desa-app\system\View\View.php(198): CodeIgniter\Exceptions\FrameworkException::forInvalidFile('persona/index.p...')
#1 C:\xamppV8.0.28\htdocs\wema-desa-app\system\Common.php(1092): CodeIgniter\View\View->render('persona/index', Array, true)
#2 C:\xamppV8.0.28\htdocs\wema-desa-app\app\Modules\wema\Controllers\Persona.php(10): view('persona/index')
#3 C:\xamppV8.0.28\htdocs\wema-desa-app\system\CodeIgniter.php(802): Modules\wema\Controllers\Persona->index()
#4 C:\xamppV8.0.28\htdocs\wema-desa-app\system\CodeIgniter.php(399): CodeIgniter\CodeIgniter->runController(Object(Modules\wema\Controllers\Persona))
#5 C:\xamppV8.0.28\htdocs\wema-desa-app\system\CodeIgniter.php(317): CodeIgniter\CodeIgniter->handleRequest(NULL, Object(Config\Cache), false)
#6 C:\xamppV8.0.28\htdocs\wema-desa-app\index.php(37): CodeIgniter\CodeIgniter->run()
#7 {main}
CRITICAL - 2023-04-13 08:17:50 --> Invalid file: persona/index.php
#0 C:\xamppV8.0.28\htdocs\wema-desa-app\system\View\View.php(198): CodeIgniter\Exceptions\FrameworkException::forInvalidFile('persona/index.p...')
#1 C:\xamppV8.0.28\htdocs\wema-desa-app\system\Common.php(1092): CodeIgniter\View\View->render('persona/index', Array, true)
#2 C:\xamppV8.0.28\htdocs\wema-desa-app\app\Modules\wema\Controllers\Persona.php(10): view('persona/index')
#3 C:\xamppV8.0.28\htdocs\wema-desa-app\system\CodeIgniter.php(802): Modules\wema\Controllers\Persona->index()
#4 C:\xamppV8.0.28\htdocs\wema-desa-app\system\CodeIgniter.php(399): CodeIgniter\CodeIgniter->runController(Object(Modules\wema\Controllers\Persona))
#5 C:\xamppV8.0.28\htdocs\wema-desa-app\system\CodeIgniter.php(317): CodeIgniter\CodeIgniter->handleRequest(NULL, Object(Config\Cache), false)
#6 C:\xamppV8.0.28\htdocs\wema-desa-app\index.php(37): CodeIgniter\CodeIgniter->run()
#7 {main}
CRITICAL - 2023-04-13 08:17:51 --> Invalid file: persona/index.php
#0 C:\xamppV8.0.28\htdocs\wema-desa-app\system\View\View.php(198): CodeIgniter\Exceptions\FrameworkException::forInvalidFile('persona/index.p...')
#1 C:\xamppV8.0.28\htdocs\wema-desa-app\system\Common.php(1092): CodeIgniter\View\View->render('persona/index', Array, true)
#2 C:\xamppV8.0.28\htdocs\wema-desa-app\app\Modules\wema\Controllers\Persona.php(10): view('persona/index')
#3 C:\xamppV8.0.28\htdocs\wema-desa-app\system\CodeIgniter.php(802): Modules\wema\Controllers\Persona->index()
#4 C:\xamppV8.0.28\htdocs\wema-desa-app\system\CodeIgniter.php(399): CodeIgniter\CodeIgniter->runController(Object(Modules\wema\Controllers\Persona))
#5 C:\xamppV8.0.28\htdocs\wema-desa-app\system\CodeIgniter.php(317): CodeIgniter\CodeIgniter->handleRequest(NULL, Object(Config\Cache), false)
#6 C:\xamppV8.0.28\htdocs\wema-desa-app\index.php(37): CodeIgniter\CodeIgniter->run()
#7 {main}
CRITICAL - 2023-04-13 08:21:42 --> Invalid file: views/persona/index.php
#0 C:\xamppV8.0.28\htdocs\wema-desa-app\system\View\View.php(198): CodeIgniter\Exceptions\FrameworkException::forInvalidFile('views/persona/i...')
#1 C:\xamppV8.0.28\htdocs\wema-desa-app\system\Common.php(1092): CodeIgniter\View\View->render('views/persona/i...', Array, true)
#2 C:\xamppV8.0.28\htdocs\wema-desa-app\app\Modules\wema\Controllers\Persona.php(10): view('views/persona/i...')
#3 C:\xamppV8.0.28\htdocs\wema-desa-app\system\CodeIgniter.php(802): Modules\wema\Controllers\Persona->index()
#4 C:\xamppV8.0.28\htdocs\wema-desa-app\system\CodeIgniter.php(399): CodeIgniter\CodeIgniter->runController(Object(Modules\wema\Controllers\Persona))
#5 C:\xamppV8.0.28\htdocs\wema-desa-app\system\CodeIgniter.php(317): CodeIgniter\CodeIgniter->handleRequest(NULL, Object(Config\Cache), false)
#6 C:\xamppV8.0.28\htdocs\wema-desa-app\index.php(37): CodeIgniter\CodeIgniter->run()
#7 {main}
CRITICAL - 2023-04-13 08:21:43 --> Invalid file: views/persona/index.php
#0 C:\xamppV8.0.28\htdocs\wema-desa-app\system\View\View.php(198): CodeIgniter\Exceptions\FrameworkException::forInvalidFile('views/persona/i...')
#1 C:\xamppV8.0.28\htdocs\wema-desa-app\system\Common.php(1092): CodeIgniter\View\View->render('views/persona/i...', Array, true)
#2 C:\xamppV8.0.28\htdocs\wema-desa-app\app\Modules\wema\Controllers\Persona.php(10): view('views/persona/i...')
#3 C:\xamppV8.0.28\htdocs\wema-desa-app\system\CodeIgniter.php(802): Modules\wema\Controllers\Persona->index()
#4 C:\xamppV8.0.28\htdocs\wema-desa-app\system\CodeIgniter.php(399): CodeIgniter\CodeIgniter->runController(Object(Modules\wema\Controllers\Persona))
#5 C:\xamppV8.0.28\htdocs\wema-desa-app\system\CodeIgniter.php(317): CodeIgniter\CodeIgniter->handleRequest(NULL, Object(Config\Cache), false)
#6 C:\xamppV8.0.28\htdocs\wema-desa-app\index.php(37): CodeIgniter\CodeIgniter->run()
#7 {main}
CRITICAL - 2023-04-13 08:22:03 --> Invalid file: Views/persona/index.php
#0 C:\xamppV8.0.28\htdocs\wema-desa-app\system\View\View.php(198): CodeIgniter\Exceptions\FrameworkException::forInvalidFile('Views/persona/i...')
#1 C:\xamppV8.0.28\htdocs\wema-desa-app\system\Common.php(1092): CodeIgniter\View\View->render('Views/persona/i...', Array, true)
#2 C:\xamppV8.0.28\htdocs\wema-desa-app\app\Modules\wema\Controllers\Persona.php(10): view('Views/persona/i...')
#3 C:\xamppV8.0.28\htdocs\wema-desa-app\system\CodeIgniter.php(802): Modules\wema\Controllers\Persona->index()
#4 C:\xamppV8.0.28\htdocs\wema-desa-app\system\CodeIgniter.php(399): CodeIgniter\CodeIgniter->runController(Object(Modules\wema\Controllers\Persona))
#5 C:\xamppV8.0.28\htdocs\wema-desa-app\system\CodeIgniter.php(317): CodeIgniter\CodeIgniter->handleRequest(NULL, Object(Config\Cache), false)
#6 C:\xamppV8.0.28\htdocs\wema-desa-app\index.php(37): CodeIgniter\CodeIgniter->run()
#7 {main}
CRITICAL - 2023-04-13 08:22:18 --> Invalid file: persona/index.php
#0 C:\xamppV8.0.28\htdocs\wema-desa-app\system\View\View.php(198): CodeIgniter\Exceptions\FrameworkException::forInvalidFile('persona/index.p...')
#1 C:\xamppV8.0.28\htdocs\wema-desa-app\system\Common.php(1092): CodeIgniter\View\View->render('persona/index', Array, true)
#2 C:\xamppV8.0.28\htdocs\wema-desa-app\app\Modules\wema\Controllers\Persona.php(10): view('persona/index')
#3 C:\xamppV8.0.28\htdocs\wema-desa-app\system\CodeIgniter.php(802): Modules\wema\Controllers\Persona->index()
#4 C:\xamppV8.0.28\htdocs\wema-desa-app\system\CodeIgniter.php(399): CodeIgniter\CodeIgniter->runController(Object(Modules\wema\Controllers\Persona))
#5 C:\xamppV8.0.28\htdocs\wema-desa-app\system\CodeIgniter.php(317): CodeIgniter\CodeIgniter->handleRequest(NULL, Object(Config\Cache), false)
#6 C:\xamppV8.0.28\htdocs\wema-desa-app\index.php(37): CodeIgniter\CodeIgniter->run()
#7 {main}
CRITICAL - 2023-04-13 08:27:15 --> Invalid file: Modules/wema/Views/persona/index.php
#0 C:\xamppV8.0.28\htdocs\wema-desa-app\system\View\View.php(198): CodeIgniter\Exceptions\FrameworkException::forInvalidFile('Modules/wema/Vi...')
#1 C:\xamppV8.0.28\htdocs\wema-desa-app\system\Common.php(1092): CodeIgniter\View\View->render('Modules/wema/Vi...', Array, true)
#2 C:\xamppV8.0.28\htdocs\wema-desa-app\app\Modules\wema\Controllers\Persona.php(10): view('Modules/wema/Vi...')
#3 C:\xamppV8.0.28\htdocs\wema-desa-app\system\CodeIgniter.php(802): Modules\wema\Controllers\Persona->index()
#4 C:\xamppV8.0.28\htdocs\wema-desa-app\system\CodeIgniter.php(399): CodeIgniter\CodeIgniter->runController(Object(Modules\wema\Controllers\Persona))
#5 C:\xamppV8.0.28\htdocs\wema-desa-app\system\CodeIgniter.php(317): CodeIgniter\CodeIgniter->handleRequest(NULL, Object(Config\Cache), false)
#6 C:\xamppV8.0.28\htdocs\wema-desa-app\index.php(37): CodeIgniter\CodeIgniter->run()
#7 {main}
CRITICAL - 2023-04-13 08:27:16 --> Invalid file: Modules/wema/Views/persona/index.php
#0 C:\xamppV8.0.28\htdocs\wema-desa-app\system\View\View.php(198): CodeIgniter\Exceptions\FrameworkException::forInvalidFile('Modules/wema/Vi...')
#1 C:\xamppV8.0.28\htdocs\wema-desa-app\system\Common.php(1092): CodeIgniter\View\View->render('Modules/wema/Vi...', Array, true)
#2 C:\xamppV8.0.28\htdocs\wema-desa-app\app\Modules\wema\Controllers\Persona.php(10): view('Modules/wema/Vi...')
#3 C:\xamppV8.0.28\htdocs\wema-desa-app\system\CodeIgniter.php(802): Modules\wema\Controllers\Persona->index()
#4 C:\xamppV8.0.28\htdocs\wema-desa-app\system\CodeIgniter.php(399): CodeIgniter\CodeIgniter->runController(Object(Modules\wema\Controllers\Persona))
#5 C:\xamppV8.0.28\htdocs\wema-desa-app\system\CodeIgniter.php(317): CodeIgniter\CodeIgniter->handleRequest(NULL, Object(Config\Cache), false)
#6 C:\xamppV8.0.28\htdocs\wema-desa-app\index.php(37): CodeIgniter\CodeIgniter->run()
#7 {main}
CRITICAL - 2023-04-13 08:28:29 --> Invalid file: Modules/wema/Views/persona//index.php
#0 C:\xamppV8.0.28\htdocs\wema-desa-app\system\View\View.php(198): CodeIgniter\Exceptions\FrameworkException::forInvalidFile('Modules/wema/Vi...')
#1 C:\xamppV8.0.28\htdocs\wema-desa-app\system\Common.php(1092): CodeIgniter\View\View->render('Modules/wema/Vi...', Array, true)
#2 C:\xamppV8.0.28\htdocs\wema-desa-app\app\Modules\wema\Controllers\Persona.php(10): view('Modules/wema/Vi...')
#3 C:\xamppV8.0.28\htdocs\wema-desa-app\system\CodeIgniter.php(802): Modules\wema\Controllers\Persona->index()
#4 C:\xamppV8.0.28\htdocs\wema-desa-app\system\CodeIgniter.php(399): CodeIgniter\CodeIgniter->runController(Object(Modules\wema\Controllers\Persona))
#5 C:\xamppV8.0.28\htdocs\wema-desa-app\system\CodeIgniter.php(317): CodeIgniter\CodeIgniter->handleRequest(NULL, Object(Config\Cache), false)
#6 C:\xamppV8.0.28\htdocs\wema-desa-app\index.php(37): CodeIgniter\CodeIgniter->run()
#7 {main}
CRITICAL - 2023-04-13 08:28:30 --> Invalid file: Modules/wema/Views/persona//index.php
#0 C:\xamppV8.0.28\htdocs\wema-desa-app\system\View\View.php(198): CodeIgniter\Exceptions\FrameworkException::forInvalidFile('Modules/wema/Vi...')
#1 C:\xamppV8.0.28\htdocs\wema-desa-app\system\Common.php(1092): CodeIgniter\View\View->render('Modules/wema/Vi...', Array, true)
#2 C:\xamppV8.0.28\htdocs\wema-desa-app\app\Modules\wema\Controllers\Persona.php(10): view('Modules/wema/Vi...')
#3 C:\xamppV8.0.28\htdocs\wema-desa-app\system\CodeIgniter.php(802): Modules\wema\Controllers\Persona->index()
#4 C:\xamppV8.0.28\htdocs\wema-desa-app\system\CodeIgniter.php(399): CodeIgniter\CodeIgniter->runController(Object(Modules\wema\Controllers\Persona))
#5 C:\xamppV8.0.28\htdocs\wema-desa-app\system\CodeIgniter.php(317): CodeIgniter\CodeIgniter->handleRequest(NULL, Object(Config\Cache), false)
#6 C:\xamppV8.0.28\htdocs\wema-desa-app\index.php(37): CodeIgniter\CodeIgniter->run()
#7 {main}
CRITICAL - 2023-04-13 08:29:09 --> Invalid file: Modules/wema/Views/persona//index.php
#0 C:\xamppV8.0.28\htdocs\wema-desa-app\system\View\View.php(198): CodeIgniter\Exceptions\FrameworkException::forInvalidFile('Modules/wema/Vi...')
#1 C:\xamppV8.0.28\htdocs\wema-desa-app\system\Common.php(1092): CodeIgniter\View\View->render('Modules/wema/Vi...', Array, true)
#2 C:\xamppV8.0.28\htdocs\wema-desa-app\app\Modules\wema\Controllers\Persona.php(10): view('Modules/wema/Vi...')
#3 C:\xamppV8.0.28\htdocs\wema-desa-app\system\CodeIgniter.php(802): Modules\wema\Controllers\Persona->index()
#4 C:\xamppV8.0.28\htdocs\wema-desa-app\system\CodeIgniter.php(399): CodeIgniter\CodeIgniter->runController(Object(Modules\wema\Controllers\Persona))
#5 C:\xamppV8.0.28\htdocs\wema-desa-app\system\CodeIgniter.php(317): CodeIgniter\CodeIgniter->handleRequest(NULL, Object(Config\Cache), false)
#6 C:\xamppV8.0.28\htdocs\wema-desa-app\index.php(37): CodeIgniter\CodeIgniter->run()
#7 {main}
CRITICAL - 2023-04-13 08:29:49 --> Invalid file: Modules/wema/Views/persona/index.php
#0 C:\xamppV8.0.28\htdocs\wema-desa-app\system\View\View.php(198): CodeIgniter\Exceptions\FrameworkException::forInvalidFile('Modules/wema/Vi...')
#1 C:\xamppV8.0.28\htdocs\wema-desa-app\system\Common.php(1092): CodeIgniter\View\View->render('Modules/wema/Vi...', Array, true)
#2 C:\xamppV8.0.28\htdocs\wema-desa-app\app\Modules\wema\Controllers\Persona.php(10): view('Modules/wema/Vi...')
#3 C:\xamppV8.0.28\htdocs\wema-desa-app\system\CodeIgniter.php(802): Modules\wema\Controllers\Persona->index()
#4 C:\xamppV8.0.28\htdocs\wema-desa-app\system\CodeIgniter.php(399): CodeIgniter\CodeIgniter->runController(Object(Modules\wema\Controllers\Persona))
#5 C:\xamppV8.0.28\htdocs\wema-desa-app\system\CodeIgniter.php(317): CodeIgniter\CodeIgniter->handleRequest(NULL, Object(Config\Cache), false)
#6 C:\xamppV8.0.28\htdocs\wema-desa-app\index.php(37): CodeIgniter\CodeIgniter->run()
#7 {main}
CRITICAL - 2023-04-13 08:30:20 --> Invalid file: persona\index.php
#0 C:\xamppV8.0.28\htdocs\wema-desa-app\system\View\View.php(198): CodeIgniter\Exceptions\FrameworkException::forInvalidFile('persona\\index.p...')
#1 C:\xamppV8.0.28\htdocs\wema-desa-app\system\Common.php(1092): CodeIgniter\View\View->render('persona\\index', Array, true)
#2 C:\xamppV8.0.28\htdocs\wema-desa-app\app\Modules\wema\Controllers\Persona.php(10): view('persona\\index')
#3 C:\xamppV8.0.28\htdocs\wema-desa-app\system\CodeIgniter.php(802): Modules\wema\Controllers\Persona->index()
#4 C:\xamppV8.0.28\htdocs\wema-desa-app\system\CodeIgniter.php(399): CodeIgniter\CodeIgniter->runController(Object(Modules\wema\Controllers\Persona))
#5 C:\xamppV8.0.28\htdocs\wema-desa-app\system\CodeIgniter.php(317): CodeIgniter\CodeIgniter->handleRequest(NULL, Object(Config\Cache), false)
#6 C:\xamppV8.0.28\htdocs\wema-desa-app\index.php(37): CodeIgniter\CodeIgniter->run()
#7 {main}
