CRITICAL - 2023-04-10 09:12:43 --> Call to undefined method CodeIgniter\View\View::reenderSection()
#0 C:\xamppV8.2.0\htdocs\AdminLTE-Codeigniter\system\View\View.php(214): include()
#1 C:\xamppV8.2.0\htdocs\AdminLTE-Codeigniter\system\View\View.php(217): CodeIgniter\View\View->CodeIgniter\View\{closure}()
#2 C:\xamppV8.2.0\htdocs\AdminLTE-Codeigniter\system\View\View.php(230): CodeIgniter\View\View->render('templates/admin...', Array, true)
#3 C:\xamppV8.2.0\htdocs\AdminLTE-Codeigniter\system\Common.php(1092): CodeIgniter\View\View->render('dashboard/index', Array, true)
#4 C:\xamppV8.2.0\htdocs\AdminLTE-Codeigniter\app\Controllers\Dashboard.php(9): view('dashboard/index')
#5 C:\xamppV8.2.0\htdocs\AdminLTE-Codeigniter\system\CodeIgniter.php(802): App\Controllers\Dashboard->index()
#6 C:\xamppV8.2.0\htdocs\AdminLTE-Codeigniter\system\CodeIgniter.php(399): CodeIgniter\CodeIgniter->runController(Object(App\Controllers\Dashboard))
#7 C:\xamppV8.2.0\htdocs\AdminLTE-Codeigniter\system\CodeIgniter.php(317): CodeIgniter\CodeIgniter->handleRequest(NULL, Object(Config\Cache), false)
#8 C:\xamppV8.2.0\htdocs\AdminLTE-Codeigniter\public\index.php(37): CodeIgniter\CodeIgniter->run()
#9 {main}
CRITICAL - 2023-04-10 09:12:44 --> Uncaught ErrorException: strtolower(): Passing null to parameter #1 ($string) of type string is deprecated in C:\xamppV8.2.0\htdocs\AdminLTE-Codeigniter\system\Validation\FormatRules.php:253
Stack trace:
#0 [internal function]: CodeIgniter\Debug\Exceptions->errorHandler(8192, 'strtolower(): P...', 'C:\\xamppV8.2.0\\...', 253)
#1 C:\xamppV8.2.0\htdocs\AdminLTE-Codeigniter\system\Validation\FormatRules.php(253): strtolower(NULL)
#2 C:\xamppV8.2.0\htdocs\AdminLTE-Codeigniter\system\HTTP\RequestTrait.php(151): CodeIgniter\Validation\FormatRules->valid_ip('::1')
#3 C:\xamppV8.2.0\htdocs\AdminLTE-Codeigniter\app\Views\errors\html\error_exception.php(206): CodeIgniter\HTTP\Request->getIPAddress()
#4 C:\xamppV8.2.0\htdocs\AdminLTE-Codeigniter\system\Debug\Exceptions.php(235): include('C:\\xamppV8.2.0\\...')
#5 C:\xamppV8.2.0\htdocs\AdminLTE-Codeigniter\system\Debug\Exceptions.php(132): CodeIgniter\Debug\Exceptions->render(Object(Error), 500)
#6 [internal function]: CodeIgniter\Debug\Exceptions->exceptionHandler(Object(Error))
#7 {main}
  thrown
#0 [internal function]: CodeIgniter\Debug\Exceptions->shutdownHandler()
#1 {main}
CRITICAL - 2023-04-10 09:14:53 --> Call to undefined method CodeIgniter\View\View::reenderSection()
#0 C:\xamppV8.2.0\htdocs\AdminLTE-Codeigniter\system\View\View.php(214): include()
#1 C:\xamppV8.2.0\htdocs\AdminLTE-Codeigniter\system\View\View.php(217): CodeIgniter\View\View->CodeIgniter\View\{closure}()
#2 C:\xamppV8.2.0\htdocs\AdminLTE-Codeigniter\system\View\View.php(230): CodeIgniter\View\View->render('templates/admin...', Array, true)
#3 C:\xamppV8.2.0\htdocs\AdminLTE-Codeigniter\system\Common.php(1092): CodeIgniter\View\View->render('dashboard/index', Array, true)
#4 C:\xamppV8.2.0\htdocs\AdminLTE-Codeigniter\app\Controllers\Dashboard.php(9): view('dashboard/index')
#5 C:\xamppV8.2.0\htdocs\AdminLTE-Codeigniter\system\CodeIgniter.php(802): App\Controllers\Dashboard->index()
#6 C:\xamppV8.2.0\htdocs\AdminLTE-Codeigniter\system\CodeIgniter.php(399): CodeIgniter\CodeIgniter->runController(Object(App\Controllers\Dashboard))
#7 C:\xamppV8.2.0\htdocs\AdminLTE-Codeigniter\system\CodeIgniter.php(317): CodeIgniter\CodeIgniter->handleRequest(NULL, Object(Config\Cache), false)
#8 C:\xamppV8.2.0\htdocs\AdminLTE-Codeigniter\public\index.php(37): CodeIgniter\CodeIgniter->run()
#9 {main}
CRITICAL - 2023-04-10 09:14:53 --> Uncaught ErrorException: strtolower(): Passing null to parameter #1 ($string) of type string is deprecated in C:\xamppV8.2.0\htdocs\AdminLTE-Codeigniter\system\Validation\FormatRules.php:253
Stack trace:
#0 [internal function]: CodeIgniter\Debug\Exceptions->errorHandler(8192, 'strtolower(): P...', 'C:\\xamppV8.2.0\\...', 253)
#1 C:\xamppV8.2.0\htdocs\AdminLTE-Codeigniter\system\Validation\FormatRules.php(253): strtolower(NULL)
#2 C:\xamppV8.2.0\htdocs\AdminLTE-Codeigniter\system\HTTP\RequestTrait.php(151): CodeIgniter\Validation\FormatRules->valid_ip('::1')
#3 C:\xamppV8.2.0\htdocs\AdminLTE-Codeigniter\app\Views\errors\html\error_exception.php(206): CodeIgniter\HTTP\Request->getIPAddress()
#4 C:\xamppV8.2.0\htdocs\AdminLTE-Codeigniter\system\Debug\Exceptions.php(235): include('C:\\xamppV8.2.0\\...')
#5 C:\xamppV8.2.0\htdocs\AdminLTE-Codeigniter\system\Debug\Exceptions.php(132): CodeIgniter\Debug\Exceptions->render(Object(Error), 500)
#6 [internal function]: CodeIgniter\Debug\Exceptions->exceptionHandler(Object(Error))
#7 {main}
  thrown
#0 [internal function]: CodeIgniter\Debug\Exceptions->shutdownHandler()
#1 {main}
CRITICAL - 2023-04-10 09:17:42 --> Call to undefined method CodeIgniter\View\View::reenderSection()
#0 C:\xamppV8.2.0\htdocs\AdminLTE-Codeigniter\system\View\View.php(214): include()
#1 C:\xamppV8.2.0\htdocs\AdminLTE-Codeigniter\system\View\View.php(217): CodeIgniter\View\View->CodeIgniter\View\{closure}()
#2 C:\xamppV8.2.0\htdocs\AdminLTE-Codeigniter\system\View\View.php(230): CodeIgniter\View\View->render('templates/admin...', Array, true)
#3 C:\xamppV8.2.0\htdocs\AdminLTE-Codeigniter\system\Common.php(1092): CodeIgniter\View\View->render('dashboard/index', Array, true)
#4 C:\xamppV8.2.0\htdocs\AdminLTE-Codeigniter\app\Controllers\Dashboard.php(9): view('dashboard/index')
#5 C:\xamppV8.2.0\htdocs\AdminLTE-Codeigniter\system\CodeIgniter.php(802): App\Controllers\Dashboard->index()
#6 C:\xamppV8.2.0\htdocs\AdminLTE-Codeigniter\system\CodeIgniter.php(399): CodeIgniter\CodeIgniter->runController(Object(App\Controllers\Dashboard))
#7 C:\xamppV8.2.0\htdocs\AdminLTE-Codeigniter\system\CodeIgniter.php(317): CodeIgniter\CodeIgniter->handleRequest(NULL, Object(Config\Cache), false)
#8 C:\xamppV8.2.0\htdocs\AdminLTE-Codeigniter\public\index.php(37): CodeIgniter\CodeIgniter->run()
#9 {main}
CRITICAL - 2023-04-10 09:17:42 --> Uncaught ErrorException: strtolower(): Passing null to parameter #1 ($string) of type string is deprecated in C:\xamppV8.2.0\htdocs\AdminLTE-Codeigniter\system\Validation\FormatRules.php:253
Stack trace:
#0 [internal function]: CodeIgniter\Debug\Exceptions->errorHandler(8192, 'strtolower(): P...', 'C:\\xamppV8.2.0\\...', 253)
#1 C:\xamppV8.2.0\htdocs\AdminLTE-Codeigniter\system\Validation\FormatRules.php(253): strtolower(NULL)
#2 C:\xamppV8.2.0\htdocs\AdminLTE-Codeigniter\system\HTTP\RequestTrait.php(151): CodeIgniter\Validation\FormatRules->valid_ip('::1')
#3 C:\xamppV8.2.0\htdocs\AdminLTE-Codeigniter\app\Views\errors\html\error_exception.php(206): CodeIgniter\HTTP\Request->getIPAddress()
#4 C:\xamppV8.2.0\htdocs\AdminLTE-Codeigniter\system\Debug\Exceptions.php(235): include('C:\\xamppV8.2.0\\...')
#5 C:\xamppV8.2.0\htdocs\AdminLTE-Codeigniter\system\Debug\Exceptions.php(132): CodeIgniter\Debug\Exceptions->render(Object(Error), 500)
#6 [internal function]: CodeIgniter\Debug\Exceptions->exceptionHandler(Object(Error))
#7 {main}
  thrown
#0 [internal function]: CodeIgniter\Debug\Exceptions->shutdownHandler()
#1 {main}
CRITICAL - 2023-04-10 09:17:46 --> Call to undefined method CodeIgniter\View\View::reenderSection()
#0 C:\xamppV8.2.0\htdocs\AdminLTE-Codeigniter\system\View\View.php(214): include()
#1 C:\xamppV8.2.0\htdocs\AdminLTE-Codeigniter\system\View\View.php(217): CodeIgniter\View\View->CodeIgniter\View\{closure}()
#2 C:\xamppV8.2.0\htdocs\AdminLTE-Codeigniter\system\View\View.php(230): CodeIgniter\View\View->render('templates/admin...', Array, true)
#3 C:\xamppV8.2.0\htdocs\AdminLTE-Codeigniter\system\Common.php(1092): CodeIgniter\View\View->render('dashboard/index', Array, true)
#4 C:\xamppV8.2.0\htdocs\AdminLTE-Codeigniter\app\Controllers\Dashboard.php(9): view('dashboard/index')
#5 C:\xamppV8.2.0\htdocs\AdminLTE-Codeigniter\system\CodeIgniter.php(802): App\Controllers\Dashboard->index()
#6 C:\xamppV8.2.0\htdocs\AdminLTE-Codeigniter\system\CodeIgniter.php(399): CodeIgniter\CodeIgniter->runController(Object(App\Controllers\Dashboard))
#7 C:\xamppV8.2.0\htdocs\AdminLTE-Codeigniter\system\CodeIgniter.php(317): CodeIgniter\CodeIgniter->handleRequest(NULL, Object(Config\Cache), false)
#8 C:\xamppV8.2.0\htdocs\AdminLTE-Codeigniter\public\index.php(37): CodeIgniter\CodeIgniter->run()
#9 {main}
CRITICAL - 2023-04-10 09:17:46 --> Uncaught ErrorException: strtolower(): Passing null to parameter #1 ($string) of type string is deprecated in C:\xamppV8.2.0\htdocs\AdminLTE-Codeigniter\system\Validation\FormatRules.php:253
Stack trace:
#0 [internal function]: CodeIgniter\Debug\Exceptions->errorHandler(8192, 'strtolower(): P...', 'C:\\xamppV8.2.0\\...', 253)
#1 C:\xamppV8.2.0\htdocs\AdminLTE-Codeigniter\system\Validation\FormatRules.php(253): strtolower(NULL)
#2 C:\xamppV8.2.0\htdocs\AdminLTE-Codeigniter\system\HTTP\RequestTrait.php(151): CodeIgniter\Validation\FormatRules->valid_ip('::1')
#3 C:\xamppV8.2.0\htdocs\AdminLTE-Codeigniter\app\Views\errors\html\error_exception.php(206): CodeIgniter\HTTP\Request->getIPAddress()
#4 C:\xamppV8.2.0\htdocs\AdminLTE-Codeigniter\system\Debug\Exceptions.php(235): include('C:\\xamppV8.2.0\\...')
#5 C:\xamppV8.2.0\htdocs\AdminLTE-Codeigniter\system\Debug\Exceptions.php(132): CodeIgniter\Debug\Exceptions->render(Object(Error), 500)
#6 [internal function]: CodeIgniter\Debug\Exceptions->exceptionHandler(Object(Error))
#7 {main}
  thrown
#0 [internal function]: CodeIgniter\Debug\Exceptions->shutdownHandler()
#1 {main}
CRITICAL - 2023-04-10 09:19:56 --> Call to undefined method CodeIgniter\View\View::reenderSection()
#0 C:\xamppV8.2.0\htdocs\AdminLTE-Codeigniter\system\View\View.php(214): include()
#1 C:\xamppV8.2.0\htdocs\AdminLTE-Codeigniter\system\View\View.php(217): CodeIgniter\View\View->CodeIgniter\View\{closure}()
#2 C:\xamppV8.2.0\htdocs\AdminLTE-Codeigniter\system\View\View.php(230): CodeIgniter\View\View->render('templates/admin...', Array, true)
#3 C:\xamppV8.2.0\htdocs\AdminLTE-Codeigniter\system\Common.php(1092): CodeIgniter\View\View->render('dashboard/index', Array, true)
#4 C:\xamppV8.2.0\htdocs\AdminLTE-Codeigniter\app\Controllers\Dashboard.php(9): view('dashboard/index')
#5 C:\xamppV8.2.0\htdocs\AdminLTE-Codeigniter\system\CodeIgniter.php(802): App\Controllers\Dashboard->index()
#6 C:\xamppV8.2.0\htdocs\AdminLTE-Codeigniter\system\CodeIgniter.php(399): CodeIgniter\CodeIgniter->runController(Object(App\Controllers\Dashboard))
#7 C:\xamppV8.2.0\htdocs\AdminLTE-Codeigniter\system\CodeIgniter.php(317): CodeIgniter\CodeIgniter->handleRequest(NULL, Object(Config\Cache), false)
#8 C:\xamppV8.2.0\htdocs\AdminLTE-Codeigniter\public\index.php(37): CodeIgniter\CodeIgniter->run()
#9 {main}
CRITICAL - 2023-04-10 09:19:56 --> Uncaught ErrorException: strtolower(): Passing null to parameter #1 ($string) of type string is deprecated in C:\xamppV8.2.0\htdocs\AdminLTE-Codeigniter\system\Validation\FormatRules.php:253
Stack trace:
#0 [internal function]: CodeIgniter\Debug\Exceptions->errorHandler(8192, 'strtolower(): P...', 'C:\\xamppV8.2.0\\...', 253)
#1 C:\xamppV8.2.0\htdocs\AdminLTE-Codeigniter\system\Validation\FormatRules.php(253): strtolower(NULL)
#2 C:\xamppV8.2.0\htdocs\AdminLTE-Codeigniter\system\HTTP\RequestTrait.php(151): CodeIgniter\Validation\FormatRules->valid_ip('::1')
#3 C:\xamppV8.2.0\htdocs\AdminLTE-Codeigniter\app\Views\errors\html\error_exception.php(206): CodeIgniter\HTTP\Request->getIPAddress()
#4 C:\xamppV8.2.0\htdocs\AdminLTE-Codeigniter\system\Debug\Exceptions.php(235): include('C:\\xamppV8.2.0\\...')
#5 C:\xamppV8.2.0\htdocs\AdminLTE-Codeigniter\system\Debug\Exceptions.php(132): CodeIgniter\Debug\Exceptions->render(Object(Error), 500)
#6 [internal function]: CodeIgniter\Debug\Exceptions->exceptionHandler(Object(Error))
#7 {main}
  thrown
#0 [internal function]: CodeIgniter\Debug\Exceptions->shutdownHandler()
#1 {main}
CRITICAL - 2023-04-10 09:19:58 --> Call to undefined method CodeIgniter\View\View::reenderSection()
#0 C:\xamppV8.2.0\htdocs\AdminLTE-Codeigniter\system\View\View.php(214): include()
#1 C:\xamppV8.2.0\htdocs\AdminLTE-Codeigniter\system\View\View.php(217): CodeIgniter\View\View->CodeIgniter\View\{closure}()
#2 C:\xamppV8.2.0\htdocs\AdminLTE-Codeigniter\system\View\View.php(230): CodeIgniter\View\View->render('templates/admin...', Array, true)
#3 C:\xamppV8.2.0\htdocs\AdminLTE-Codeigniter\system\Common.php(1092): CodeIgniter\View\View->render('dashboard/index', Array, true)
#4 C:\xamppV8.2.0\htdocs\AdminLTE-Codeigniter\app\Controllers\Dashboard.php(9): view('dashboard/index')
#5 C:\xamppV8.2.0\htdocs\AdminLTE-Codeigniter\system\CodeIgniter.php(802): App\Controllers\Dashboard->index()
#6 C:\xamppV8.2.0\htdocs\AdminLTE-Codeigniter\system\CodeIgniter.php(399): CodeIgniter\CodeIgniter->runController(Object(App\Controllers\Dashboard))
#7 C:\xamppV8.2.0\htdocs\AdminLTE-Codeigniter\system\CodeIgniter.php(317): CodeIgniter\CodeIgniter->handleRequest(NULL, Object(Config\Cache), false)
#8 C:\xamppV8.2.0\htdocs\AdminLTE-Codeigniter\public\index.php(37): CodeIgniter\CodeIgniter->run()
#9 {main}
CRITICAL - 2023-04-10 09:19:58 --> Uncaught ErrorException: strtolower(): Passing null to parameter #1 ($string) of type string is deprecated in C:\xamppV8.2.0\htdocs\AdminLTE-Codeigniter\system\Validation\FormatRules.php:253
Stack trace:
#0 [internal function]: CodeIgniter\Debug\Exceptions->errorHandler(8192, 'strtolower(): P...', 'C:\\xamppV8.2.0\\...', 253)
#1 C:\xamppV8.2.0\htdocs\AdminLTE-Codeigniter\system\Validation\FormatRules.php(253): strtolower(NULL)
#2 C:\xamppV8.2.0\htdocs\AdminLTE-Codeigniter\system\HTTP\RequestTrait.php(151): CodeIgniter\Validation\FormatRules->valid_ip('::1')
#3 C:\xamppV8.2.0\htdocs\AdminLTE-Codeigniter\app\Views\errors\html\error_exception.php(206): CodeIgniter\HTTP\Request->getIPAddress()
#4 C:\xamppV8.2.0\htdocs\AdminLTE-Codeigniter\system\Debug\Exceptions.php(235): include('C:\\xamppV8.2.0\\...')
#5 C:\xamppV8.2.0\htdocs\AdminLTE-Codeigniter\system\Debug\Exceptions.php(132): CodeIgniter\Debug\Exceptions->render(Object(Error), 500)
#6 [internal function]: CodeIgniter\Debug\Exceptions->exceptionHandler(Object(Error))
#7 {main}
  thrown
#0 [internal function]: CodeIgniter\Debug\Exceptions->shutdownHandler()
#1 {main}
CRITICAL - 2023-04-10 10:15:25 --> Call to undefined method CodeIgniter\View\View::reenderSection()
#0 C:\xamppV8.2.0\htdocs\AdminLTE-Codeigniter\system\View\View.php(214): include()
#1 C:\xamppV8.2.0\htdocs\AdminLTE-Codeigniter\system\View\View.php(217): CodeIgniter\View\View->CodeIgniter\View\{closure}()
#2 C:\xamppV8.2.0\htdocs\AdminLTE-Codeigniter\system\View\View.php(230): CodeIgniter\View\View->render('templates/admin...', Array, true)
#3 C:\xamppV8.2.0\htdocs\AdminLTE-Codeigniter\system\Common.php(1092): CodeIgniter\View\View->render('dashboard/index', Array, true)
#4 C:\xamppV8.2.0\htdocs\AdminLTE-Codeigniter\app\Controllers\Dashboard.php(9): view('dashboard/index')
#5 C:\xamppV8.2.0\htdocs\AdminLTE-Codeigniter\system\CodeIgniter.php(802): App\Controllers\Dashboard->index()
#6 C:\xamppV8.2.0\htdocs\AdminLTE-Codeigniter\system\CodeIgniter.php(399): CodeIgniter\CodeIgniter->runController(Object(App\Controllers\Dashboard))
#7 C:\xamppV8.2.0\htdocs\AdminLTE-Codeigniter\system\CodeIgniter.php(317): CodeIgniter\CodeIgniter->handleRequest(NULL, Object(Config\Cache), false)
#8 C:\xamppV8.2.0\htdocs\AdminLTE-Codeigniter\public\index.php(37): CodeIgniter\CodeIgniter->run()
#9 {main}
CRITICAL - 2023-04-10 10:15:25 --> Uncaught ErrorException: strtolower(): Passing null to parameter #1 ($string) of type string is deprecated in C:\xamppV8.2.0\htdocs\AdminLTE-Codeigniter\system\Validation\FormatRules.php:253
Stack trace:
#0 [internal function]: CodeIgniter\Debug\Exceptions->errorHandler(8192, 'strtolower(): P...', 'C:\\xamppV8.2.0\\...', 253)
#1 C:\xamppV8.2.0\htdocs\AdminLTE-Codeigniter\system\Validation\FormatRules.php(253): strtolower(NULL)
#2 C:\xamppV8.2.0\htdocs\AdminLTE-Codeigniter\system\HTTP\RequestTrait.php(151): CodeIgniter\Validation\FormatRules->valid_ip('::1')
#3 C:\xamppV8.2.0\htdocs\AdminLTE-Codeigniter\app\Views\errors\html\error_exception.php(206): CodeIgniter\HTTP\Request->getIPAddress()
#4 C:\xamppV8.2.0\htdocs\AdminLTE-Codeigniter\system\Debug\Exceptions.php(235): include('C:\\xamppV8.2.0\\...')
#5 C:\xamppV8.2.0\htdocs\AdminLTE-Codeigniter\system\Debug\Exceptions.php(132): CodeIgniter\Debug\Exceptions->render(Object(Error), 500)
#6 [internal function]: CodeIgniter\Debug\Exceptions->exceptionHandler(Object(Error))
#7 {main}
  thrown
#0 [internal function]: CodeIgniter\Debug\Exceptions->shutdownHandler()
#1 {main}
CRITICAL - 2023-04-10 10:33:11 --> Call to undefined method CodeIgniter\View\View::reenderSection()
#0 C:\xamppV8.2.0\htdocs\AdminLTE-Codeigniter\system\View\View.php(214): include()
#1 C:\xamppV8.2.0\htdocs\AdminLTE-Codeigniter\system\View\View.php(217): CodeIgniter\View\View->CodeIgniter\View\{closure}()
#2 C:\xamppV8.2.0\htdocs\AdminLTE-Codeigniter\system\View\View.php(230): CodeIgniter\View\View->render('templates/admin...', Array, true)
#3 C:\xamppV8.2.0\htdocs\AdminLTE-Codeigniter\system\Common.php(1092): CodeIgniter\View\View->render('dashboard/index', Array, true)
#4 C:\xamppV8.2.0\htdocs\AdminLTE-Codeigniter\app\Controllers\Dashboard.php(9): view('dashboard/index')
#5 C:\xamppV8.2.0\htdocs\AdminLTE-Codeigniter\system\CodeIgniter.php(802): App\Controllers\Dashboard->index()
#6 C:\xamppV8.2.0\htdocs\AdminLTE-Codeigniter\system\CodeIgniter.php(399): CodeIgniter\CodeIgniter->runController(Object(App\Controllers\Dashboard))
#7 C:\xamppV8.2.0\htdocs\AdminLTE-Codeigniter\system\CodeIgniter.php(317): CodeIgniter\CodeIgniter->handleRequest(NULL, Object(Config\Cache), false)
#8 C:\xamppV8.2.0\htdocs\AdminLTE-Codeigniter\public\index.php(37): CodeIgniter\CodeIgniter->run()
#9 {main}
CRITICAL - 2023-04-10 10:33:11 --> Uncaught ErrorException: strtolower(): Passing null to parameter #1 ($string) of type string is deprecated in C:\xamppV8.2.0\htdocs\AdminLTE-Codeigniter\system\Validation\FormatRules.php:253
Stack trace:
#0 [internal function]: CodeIgniter\Debug\Exceptions->errorHandler(8192, 'strtolower(): P...', 'C:\\xamppV8.2.0\\...', 253)
#1 C:\xamppV8.2.0\htdocs\AdminLTE-Codeigniter\system\Validation\FormatRules.php(253): strtolower(NULL)
#2 C:\xamppV8.2.0\htdocs\AdminLTE-Codeigniter\system\HTTP\RequestTrait.php(151): CodeIgniter\Validation\FormatRules->valid_ip('::1')
#3 C:\xamppV8.2.0\htdocs\AdminLTE-Codeigniter\app\Views\errors\html\error_exception.php(206): CodeIgniter\HTTP\Request->getIPAddress()
#4 C:\xamppV8.2.0\htdocs\AdminLTE-Codeigniter\system\Debug\Exceptions.php(235): include('C:\\xamppV8.2.0\\...')
#5 C:\xamppV8.2.0\htdocs\AdminLTE-Codeigniter\system\Debug\Exceptions.php(132): CodeIgniter\Debug\Exceptions->render(Object(Error), 500)
#6 [internal function]: CodeIgniter\Debug\Exceptions->exceptionHandler(Object(Error))
#7 {main}
  thrown
#0 [internal function]: CodeIgniter\Debug\Exceptions->shutdownHandler()
#1 {main}
CRITICAL - 2023-04-10 10:35:19 --> Call to undefined method CodeIgniter\View\View::reenderSection()
#0 C:\xamppV8.2.0\htdocs\AdminLTE-Codeigniter\system\View\View.php(214): include()
#1 C:\xamppV8.2.0\htdocs\AdminLTE-Codeigniter\system\View\View.php(217): CodeIgniter\View\View->CodeIgniter\View\{closure}()
#2 C:\xamppV8.2.0\htdocs\AdminLTE-Codeigniter\system\View\View.php(230): CodeIgniter\View\View->render('templates/admin...', Array, true)
#3 C:\xamppV8.2.0\htdocs\AdminLTE-Codeigniter\system\Common.php(1092): CodeIgniter\View\View->render('dashboard/index', Array, true)
#4 C:\xamppV8.2.0\htdocs\AdminLTE-Codeigniter\app\Controllers\Dashboard.php(9): view('dashboard/index')
#5 C:\xamppV8.2.0\htdocs\AdminLTE-Codeigniter\system\CodeIgniter.php(802): App\Controllers\Dashboard->index()
#6 C:\xamppV8.2.0\htdocs\AdminLTE-Codeigniter\system\CodeIgniter.php(399): CodeIgniter\CodeIgniter->runController(Object(App\Controllers\Dashboard))
#7 C:\xamppV8.2.0\htdocs\AdminLTE-Codeigniter\system\CodeIgniter.php(317): CodeIgniter\CodeIgniter->handleRequest(NULL, Object(Config\Cache), false)
#8 C:\xamppV8.2.0\htdocs\AdminLTE-Codeigniter\public\index.php(37): CodeIgniter\CodeIgniter->run()
#9 {main}
CRITICAL - 2023-04-10 10:35:19 --> Uncaught ErrorException: filter_var(): Passing null to parameter #3 ($options) of type array|int is deprecated in C:\xamppV8.2.0\htdocs\AdminLTE-Codeigniter\system\Validation\FormatRules.php:267
Stack trace:
#0 [internal function]: CodeIgniter\Debug\Exceptions->errorHandler(8192, 'filter_var(): P...', 'C:\\xamppV8.2.0\\...', 267)
#1 C:\xamppV8.2.0\htdocs\AdminLTE-Codeigniter\system\Validation\FormatRules.php(267): filter_var('::1', 275, NULL)
#2 C:\xamppV8.2.0\htdocs\AdminLTE-Codeigniter\system\HTTP\RequestTrait.php(151): CodeIgniter\Validation\FormatRules->valid_ip('::1')
#3 C:\xamppV8.2.0\htdocs\AdminLTE-Codeigniter\app\Views\errors\html\error_exception.php(206): CodeIgniter\HTTP\Request->getIPAddress()
#4 C:\xamppV8.2.0\htdocs\AdminLTE-Codeigniter\system\Debug\Exceptions.php(235): include('C:\\xamppV8.2.0\\...')
#5 C:\xamppV8.2.0\htdocs\AdminLTE-Codeigniter\system\Debug\Exceptions.php(132): CodeIgniter\Debug\Exceptions->render(Object(Error), 500)
#6 [internal function]: CodeIgniter\Debug\Exceptions->exceptionHandler(Object(Error))
#7 {main}
  thrown
#0 [internal function]: CodeIgniter\Debug\Exceptions->shutdownHandler()
#1 {main}
CRITICAL - 2023-04-10 10:35:20 --> Call to undefined method CodeIgniter\View\View::reenderSection()
#0 C:\xamppV8.2.0\htdocs\AdminLTE-Codeigniter\system\View\View.php(214): include()
#1 C:\xamppV8.2.0\htdocs\AdminLTE-Codeigniter\system\View\View.php(217): CodeIgniter\View\View->CodeIgniter\View\{closure}()
#2 C:\xamppV8.2.0\htdocs\AdminLTE-Codeigniter\system\View\View.php(230): CodeIgniter\View\View->render('templates/admin...', Array, true)
#3 C:\xamppV8.2.0\htdocs\AdminLTE-Codeigniter\system\Common.php(1092): CodeIgniter\View\View->render('dashboard/index', Array, true)
#4 C:\xamppV8.2.0\htdocs\AdminLTE-Codeigniter\app\Controllers\Dashboard.php(9): view('dashboard/index')
#5 C:\xamppV8.2.0\htdocs\AdminLTE-Codeigniter\system\CodeIgniter.php(802): App\Controllers\Dashboard->index()
#6 C:\xamppV8.2.0\htdocs\AdminLTE-Codeigniter\system\CodeIgniter.php(399): CodeIgniter\CodeIgniter->runController(Object(App\Controllers\Dashboard))
#7 C:\xamppV8.2.0\htdocs\AdminLTE-Codeigniter\system\CodeIgniter.php(317): CodeIgniter\CodeIgniter->handleRequest(NULL, Object(Config\Cache), false)
#8 C:\xamppV8.2.0\htdocs\AdminLTE-Codeigniter\public\index.php(37): CodeIgniter\CodeIgniter->run()
#9 {main}
CRITICAL - 2023-04-10 10:35:20 --> Uncaught ErrorException: filter_var(): Passing null to parameter #3 ($options) of type array|int is deprecated in C:\xamppV8.2.0\htdocs\AdminLTE-Codeigniter\system\Validation\FormatRules.php:267
Stack trace:
#0 [internal function]: CodeIgniter\Debug\Exceptions->errorHandler(8192, 'filter_var(): P...', 'C:\\xamppV8.2.0\\...', 267)
#1 C:\xamppV8.2.0\htdocs\AdminLTE-Codeigniter\system\Validation\FormatRules.php(267): filter_var('::1', 275, NULL)
#2 C:\xamppV8.2.0\htdocs\AdminLTE-Codeigniter\system\HTTP\RequestTrait.php(151): CodeIgniter\Validation\FormatRules->valid_ip('::1')
#3 C:\xamppV8.2.0\htdocs\AdminLTE-Codeigniter\app\Views\errors\html\error_exception.php(206): CodeIgniter\HTTP\Request->getIPAddress()
#4 C:\xamppV8.2.0\htdocs\AdminLTE-Codeigniter\system\Debug\Exceptions.php(235): include('C:\\xamppV8.2.0\\...')
#5 C:\xamppV8.2.0\htdocs\AdminLTE-Codeigniter\system\Debug\Exceptions.php(132): CodeIgniter\Debug\Exceptions->render(Object(Error), 500)
#6 [internal function]: CodeIgniter\Debug\Exceptions->exceptionHandler(Object(Error))
#7 {main}
  thrown
#0 [internal function]: CodeIgniter\Debug\Exceptions->shutdownHandler()
#1 {main}
CRITICAL - 2023-04-10 10:35:21 --> Call to undefined method CodeIgniter\View\View::reenderSection()
#0 C:\xamppV8.2.0\htdocs\AdminLTE-Codeigniter\system\View\View.php(214): include()
#1 C:\xamppV8.2.0\htdocs\AdminLTE-Codeigniter\system\View\View.php(217): CodeIgniter\View\View->CodeIgniter\View\{closure}()
#2 C:\xamppV8.2.0\htdocs\AdminLTE-Codeigniter\system\View\View.php(230): CodeIgniter\View\View->render('templates/admin...', Array, true)
#3 C:\xamppV8.2.0\htdocs\AdminLTE-Codeigniter\system\Common.php(1092): CodeIgniter\View\View->render('dashboard/index', Array, true)
#4 C:\xamppV8.2.0\htdocs\AdminLTE-Codeigniter\app\Controllers\Dashboard.php(9): view('dashboard/index')
#5 C:\xamppV8.2.0\htdocs\AdminLTE-Codeigniter\system\CodeIgniter.php(802): App\Controllers\Dashboard->index()
#6 C:\xamppV8.2.0\htdocs\AdminLTE-Codeigniter\system\CodeIgniter.php(399): CodeIgniter\CodeIgniter->runController(Object(App\Controllers\Dashboard))
#7 C:\xamppV8.2.0\htdocs\AdminLTE-Codeigniter\system\CodeIgniter.php(317): CodeIgniter\CodeIgniter->handleRequest(NULL, Object(Config\Cache), false)
#8 C:\xamppV8.2.0\htdocs\AdminLTE-Codeigniter\public\index.php(37): CodeIgniter\CodeIgniter->run()
#9 {main}
CRITICAL - 2023-04-10 10:35:21 --> Uncaught ErrorException: filter_var(): Passing null to parameter #3 ($options) of type array|int is deprecated in C:\xamppV8.2.0\htdocs\AdminLTE-Codeigniter\system\Validation\FormatRules.php:267
Stack trace:
#0 [internal function]: CodeIgniter\Debug\Exceptions->errorHandler(8192, 'filter_var(): P...', 'C:\\xamppV8.2.0\\...', 267)
#1 C:\xamppV8.2.0\htdocs\AdminLTE-Codeigniter\system\Validation\FormatRules.php(267): filter_var('::1', 275, NULL)
#2 C:\xamppV8.2.0\htdocs\AdminLTE-Codeigniter\system\HTTP\RequestTrait.php(151): CodeIgniter\Validation\FormatRules->valid_ip('::1')
#3 C:\xamppV8.2.0\htdocs\AdminLTE-Codeigniter\app\Views\errors\html\error_exception.php(206): CodeIgniter\HTTP\Request->getIPAddress()
#4 C:\xamppV8.2.0\htdocs\AdminLTE-Codeigniter\system\Debug\Exceptions.php(235): include('C:\\xamppV8.2.0\\...')
#5 C:\xamppV8.2.0\htdocs\AdminLTE-Codeigniter\system\Debug\Exceptions.php(132): CodeIgniter\Debug\Exceptions->render(Object(Error), 500)
#6 [internal function]: CodeIgniter\Debug\Exceptions->exceptionHandler(Object(Error))
#7 {main}
  thrown
#0 [internal function]: CodeIgniter\Debug\Exceptions->shutdownHandler()
#1 {main}
CRITICAL - 2023-04-10 10:36:33 --> Call to undefined method CodeIgniter\View\View::reenderSection()
#0 C:\xamppV8.2.0\htdocs\AdminLTE-Codeigniter\system\View\View.php(214): include()
#1 C:\xamppV8.2.0\htdocs\AdminLTE-Codeigniter\system\View\View.php(217): CodeIgniter\View\View->CodeIgniter\View\{closure}()
#2 C:\xamppV8.2.0\htdocs\AdminLTE-Codeigniter\system\View\View.php(230): CodeIgniter\View\View->render('templates/admin...', Array, true)
#3 C:\xamppV8.2.0\htdocs\AdminLTE-Codeigniter\system\Common.php(1092): CodeIgniter\View\View->render('dashboard/index', Array, true)
#4 C:\xamppV8.2.0\htdocs\AdminLTE-Codeigniter\app\Controllers\Dashboard.php(9): view('dashboard/index')
#5 C:\xamppV8.2.0\htdocs\AdminLTE-Codeigniter\system\CodeIgniter.php(802): App\Controllers\Dashboard->index()
#6 C:\xamppV8.2.0\htdocs\AdminLTE-Codeigniter\system\CodeIgniter.php(399): CodeIgniter\CodeIgniter->runController(Object(App\Controllers\Dashboard))
#7 C:\xamppV8.2.0\htdocs\AdminLTE-Codeigniter\system\CodeIgniter.php(317): CodeIgniter\CodeIgniter->handleRequest(NULL, Object(Config\Cache), false)
#8 C:\xamppV8.2.0\htdocs\AdminLTE-Codeigniter\public\index.php(37): CodeIgniter\CodeIgniter->run()
#9 {main}
CRITICAL - 2023-04-10 10:36:33 --> Uncaught TypeError: filter_var(): Argument #3 ($options) must be of type array|int, string given in C:\xamppV8.2.0\htdocs\AdminLTE-Codeigniter\system\Validation\FormatRules.php:267
Stack trace:
#0 C:\xamppV8.2.0\htdocs\AdminLTE-Codeigniter\system\Validation\FormatRules.php(267): filter_var('::1', 275, '')
#1 C:\xamppV8.2.0\htdocs\AdminLTE-Codeigniter\system\HTTP\RequestTrait.php(151): CodeIgniter\Validation\FormatRules->valid_ip('::1')
#2 C:\xamppV8.2.0\htdocs\AdminLTE-Codeigniter\app\Views\errors\html\error_exception.php(206): CodeIgniter\HTTP\Request->getIPAddress()
#3 C:\xamppV8.2.0\htdocs\AdminLTE-Codeigniter\system\Debug\Exceptions.php(235): include('C:\\xamppV8.2.0\\...')
#4 C:\xamppV8.2.0\htdocs\AdminLTE-Codeigniter\system\Debug\Exceptions.php(132): CodeIgniter\Debug\Exceptions->render(Object(Error), 500)
#5 [internal function]: CodeIgniter\Debug\Exceptions->exceptionHandler(Object(Error))
#6 {main}
  thrown
#0 [internal function]: CodeIgniter\Debug\Exceptions->shutdownHandler()
#1 {main}
CRITICAL - 2023-04-10 10:37:11 --> Call to undefined method CodeIgniter\View\View::reenderSection()
#0 C:\xamppV8.2.0\htdocs\AdminLTE-Codeigniter\system\View\View.php(214): include()
#1 C:\xamppV8.2.0\htdocs\AdminLTE-Codeigniter\system\View\View.php(217): CodeIgniter\View\View->CodeIgniter\View\{closure}()
#2 C:\xamppV8.2.0\htdocs\AdminLTE-Codeigniter\system\View\View.php(230): CodeIgniter\View\View->render('templates/admin...', Array, true)
#3 C:\xamppV8.2.0\htdocs\AdminLTE-Codeigniter\system\Common.php(1092): CodeIgniter\View\View->render('dashboard/index', Array, true)
#4 C:\xamppV8.2.0\htdocs\AdminLTE-Codeigniter\app\Controllers\Dashboard.php(9): view('dashboard/index')
#5 C:\xamppV8.2.0\htdocs\AdminLTE-Codeigniter\system\CodeIgniter.php(802): App\Controllers\Dashboard->index()
#6 C:\xamppV8.2.0\htdocs\AdminLTE-Codeigniter\system\CodeIgniter.php(399): CodeIgniter\CodeIgniter->runController(Object(App\Controllers\Dashboard))
#7 C:\xamppV8.2.0\htdocs\AdminLTE-Codeigniter\system\CodeIgniter.php(317): CodeIgniter\CodeIgniter->handleRequest(NULL, Object(Config\Cache), false)
#8 C:\xamppV8.2.0\htdocs\AdminLTE-Codeigniter\public\index.php(37): CodeIgniter\CodeIgniter->run()
#9 {main}
CRITICAL - 2023-04-10 10:37:11 --> Uncaught ErrorException: filter_var(): Passing null to parameter #3 ($options) of type array|int is deprecated in C:\xamppV8.2.0\htdocs\AdminLTE-Codeigniter\system\Validation\FormatRules.php:267
Stack trace:
#0 [internal function]: CodeIgniter\Debug\Exceptions->errorHandler(8192, 'filter_var(): P...', 'C:\\xamppV8.2.0\\...', 267)
#1 C:\xamppV8.2.0\htdocs\AdminLTE-Codeigniter\system\Validation\FormatRules.php(267): filter_var('::1', 275, NULL)
#2 C:\xamppV8.2.0\htdocs\AdminLTE-Codeigniter\system\HTTP\RequestTrait.php(151): CodeIgniter\Validation\FormatRules->valid_ip('::1')
#3 C:\xamppV8.2.0\htdocs\AdminLTE-Codeigniter\app\Views\errors\html\error_exception.php(206): CodeIgniter\HTTP\Request->getIPAddress()
#4 C:\xamppV8.2.0\htdocs\AdminLTE-Codeigniter\system\Debug\Exceptions.php(235): include('C:\\xamppV8.2.0\\...')
#5 C:\xamppV8.2.0\htdocs\AdminLTE-Codeigniter\system\Debug\Exceptions.php(132): CodeIgniter\Debug\Exceptions->render(Object(Error), 500)
#6 [internal function]: CodeIgniter\Debug\Exceptions->exceptionHandler(Object(Error))
#7 {main}
  thrown
#0 [internal function]: CodeIgniter\Debug\Exceptions->shutdownHandler()
#1 {main}
CRITICAL - 2023-04-10 10:41:18 --> Call to undefined method CodeIgniter\View\View::reenderSection()
#0 C:\xamppV8.2.0\htdocs\AdminLTE-Codeigniter\system\View\View.php(214): include()
#1 C:\xamppV8.2.0\htdocs\AdminLTE-Codeigniter\system\View\View.php(217): CodeIgniter\View\View->CodeIgniter\View\{closure}()
#2 C:\xamppV8.2.0\htdocs\AdminLTE-Codeigniter\system\View\View.php(230): CodeIgniter\View\View->render('templates/admin...', Array, true)
#3 C:\xamppV8.2.0\htdocs\AdminLTE-Codeigniter\system\Common.php(1092): CodeIgniter\View\View->render('dashboard/index', Array, true)
#4 C:\xamppV8.2.0\htdocs\AdminLTE-Codeigniter\app\Controllers\Dashboard.php(9): view('dashboard/index')
#5 C:\xamppV8.2.0\htdocs\AdminLTE-Codeigniter\system\CodeIgniter.php(802): App\Controllers\Dashboard->index()
#6 C:\xamppV8.2.0\htdocs\AdminLTE-Codeigniter\system\CodeIgniter.php(399): CodeIgniter\CodeIgniter->runController(Object(App\Controllers\Dashboard))
#7 C:\xamppV8.2.0\htdocs\AdminLTE-Codeigniter\system\CodeIgniter.php(317): CodeIgniter\CodeIgniter->handleRequest(NULL, Object(Config\Cache), false)
#8 C:\xamppV8.2.0\htdocs\AdminLTE-Codeigniter\public\index.php(37): CodeIgniter\CodeIgniter->run()
#9 {main}
CRITICAL - 2023-04-10 10:41:18 --> Uncaught ErrorException: filter_var(): Passing null to parameter #3 ($options) of type array|int is deprecated in C:\xamppV8.2.0\htdocs\AdminLTE-Codeigniter\system\Validation\FormatRules.php:267
Stack trace:
#0 [internal function]: CodeIgniter\Debug\Exceptions->errorHandler(8192, 'filter_var(): P...', 'C:\\xamppV8.2.0\\...', 267)
#1 C:\xamppV8.2.0\htdocs\AdminLTE-Codeigniter\system\Validation\FormatRules.php(267): filter_var('::1', 275, NULL)
#2 C:\xamppV8.2.0\htdocs\AdminLTE-Codeigniter\system\HTTP\RequestTrait.php(151): CodeIgniter\Validation\FormatRules->valid_ip('::1')
#3 C:\xamppV8.2.0\htdocs\AdminLTE-Codeigniter\app\Views\errors\html\error_exception.php(206): CodeIgniter\HTTP\Request->getIPAddress()
#4 C:\xamppV8.2.0\htdocs\AdminLTE-Codeigniter\system\Debug\Exceptions.php(235): include('C:\\xamppV8.2.0\\...')
#5 C:\xamppV8.2.0\htdocs\AdminLTE-Codeigniter\system\Debug\Exceptions.php(132): CodeIgniter\Debug\Exceptions->render(Object(Error), 500)
#6 [internal function]: CodeIgniter\Debug\Exceptions->exceptionHandler(Object(Error))
#7 {main}
  thrown
#0 [internal function]: CodeIgniter\Debug\Exceptions->shutdownHandler()
#1 {main}
CRITICAL - 2023-04-10 10:41:20 --> Call to undefined method CodeIgniter\View\View::reenderSection()
#0 C:\xamppV8.2.0\htdocs\AdminLTE-Codeigniter\system\View\View.php(214): include()
#1 C:\xamppV8.2.0\htdocs\AdminLTE-Codeigniter\system\View\View.php(217): CodeIgniter\View\View->CodeIgniter\View\{closure}()
#2 C:\xamppV8.2.0\htdocs\AdminLTE-Codeigniter\system\View\View.php(230): CodeIgniter\View\View->render('templates/admin...', Array, true)
#3 C:\xamppV8.2.0\htdocs\AdminLTE-Codeigniter\system\Common.php(1092): CodeIgniter\View\View->render('dashboard/index', Array, true)
#4 C:\xamppV8.2.0\htdocs\AdminLTE-Codeigniter\app\Controllers\Dashboard.php(9): view('dashboard/index')
#5 C:\xamppV8.2.0\htdocs\AdminLTE-Codeigniter\system\CodeIgniter.php(802): App\Controllers\Dashboard->index()
#6 C:\xamppV8.2.0\htdocs\AdminLTE-Codeigniter\system\CodeIgniter.php(399): CodeIgniter\CodeIgniter->runController(Object(App\Controllers\Dashboard))
#7 C:\xamppV8.2.0\htdocs\AdminLTE-Codeigniter\system\CodeIgniter.php(317): CodeIgniter\CodeIgniter->handleRequest(NULL, Object(Config\Cache), false)
#8 C:\xamppV8.2.0\htdocs\AdminLTE-Codeigniter\public\index.php(37): CodeIgniter\CodeIgniter->run()
#9 {main}
CRITICAL - 2023-04-10 10:41:20 --> Uncaught ErrorException: filter_var(): Passing null to parameter #3 ($options) of type array|int is deprecated in C:\xamppV8.2.0\htdocs\AdminLTE-Codeigniter\system\Validation\FormatRules.php:267
Stack trace:
#0 [internal function]: CodeIgniter\Debug\Exceptions->errorHandler(8192, 'filter_var(): P...', 'C:\\xamppV8.2.0\\...', 267)
#1 C:\xamppV8.2.0\htdocs\AdminLTE-Codeigniter\system\Validation\FormatRules.php(267): filter_var('::1', 275, NULL)
#2 C:\xamppV8.2.0\htdocs\AdminLTE-Codeigniter\system\HTTP\RequestTrait.php(151): CodeIgniter\Validation\FormatRules->valid_ip('::1')
#3 C:\xamppV8.2.0\htdocs\AdminLTE-Codeigniter\app\Views\errors\html\error_exception.php(206): CodeIgniter\HTTP\Request->getIPAddress()
#4 C:\xamppV8.2.0\htdocs\AdminLTE-Codeigniter\system\Debug\Exceptions.php(235): include('C:\\xamppV8.2.0\\...')
#5 C:\xamppV8.2.0\htdocs\AdminLTE-Codeigniter\system\Debug\Exceptions.php(132): CodeIgniter\Debug\Exceptions->render(Object(Error), 500)
#6 [internal function]: CodeIgniter\Debug\Exceptions->exceptionHandler(Object(Error))
#7 {main}
  thrown
#0 [internal function]: CodeIgniter\Debug\Exceptions->shutdownHandler()
#1 {main}
CRITICAL - 2023-04-10 15:37:05 --> Call to undefined method CodeIgniter\View\View::reenderSection()
#0 C:\xamppV8.0.28\htdocs\pruebaplantilla\system\View\View.php(214): include()
#1 C:\xamppV8.0.28\htdocs\pruebaplantilla\system\View\View.php(217): CodeIgniter\View\View->CodeIgniter\View\{closure}()
#2 C:\xamppV8.0.28\htdocs\pruebaplantilla\system\View\View.php(230): CodeIgniter\View\View->render('templates/admin...', Array, true)
#3 C:\xamppV8.0.28\htdocs\pruebaplantilla\system\Common.php(1092): CodeIgniter\View\View->render('dashboard/index', Array, true)
#4 C:\xamppV8.0.28\htdocs\pruebaplantilla\app\Controllers\Dashboard.php(9): view('dashboard/index')
#5 C:\xamppV8.0.28\htdocs\pruebaplantilla\system\CodeIgniter.php(802): App\Controllers\Dashboard->index()
#6 C:\xamppV8.0.28\htdocs\pruebaplantilla\system\CodeIgniter.php(399): CodeIgniter\CodeIgniter->runController(Object(App\Controllers\Dashboard))
#7 C:\xamppV8.0.28\htdocs\pruebaplantilla\system\CodeIgniter.php(317): CodeIgniter\CodeIgniter->handleRequest(NULL, Object(Config\Cache), false)
#8 C:\xamppV8.0.28\htdocs\pruebaplantilla\public\index.php(37): CodeIgniter\CodeIgniter->run()
#9 {main}
